<?xml version="1.0" encoding="UTF-8"?>
<!-- Generated by org.testng.reporters.JUnitXMLReporter -->
<testsuite ignored="0" hostname="IND-CHN-LT12488" failures="1" tests="2" name="Chrome" time="36.354" errors="0" timestamp="2025-01-27T12:24:18 IST">
  <testcase classname="TestCase.TC001_AccountRegistration" name="verify_account_registration" time="3.965"/>
  <testcase classname="TestCase.TC002_LogInTest" name="LogInTest" time="11.929">
    <failure type="java.lang.AssertionError" message="expected [true] but found [false]">
      <![CDATA[java.lang.AssertionError: expected [true] but found [false]
at TestCase.TC002_LogInTest.LogInTest(TC002_LogInTest.java:36)
at java.base/java.util.ArrayList.forEach(ArrayList.java:1597)
at java.base/java.util.concurrent.FutureTask.run(FutureTask.java:317)
at java.base/java.util.concurrent.ThreadPoolExecutor.runWorker(ThreadPoolExecutor.java:1144)
at java.base/java.util.concurrent.ThreadPoolExecutor$Worker.run(ThreadPoolExecutor.java:642)
at java.base/java.lang.Thread.run(Thread.java:1570)
... Removed 19 stack frames]]>
    </failure>
  </testcase> <!-- LogInTest -->
</testsuite> <!-- Chrome -->
